<?xml version="1.0" encoding="UTF-8"?>
<robot generator="Robot 7.2.2 (Python 3.13.3 on darwin)" generated="2025-05-22T14:23:08.078709" rpa="false" schemaversion="5">
<suite id="s1" name="TC1" source="/Users/saravananjaikumar/Desktop/Impact_Automation/Acorns/TC1.robot">
<test id="s1-t1" name="OPEN GOOGLE" line="11">
<kw name="Open Browser" owner="SeleniumLibrary">
<msg time="2025-05-22T14:23:08.376179" level="INFO">Opening browser 'chrome' to base url 'https://www.GOOGLE.com/'.</msg>
<arg>${URL}</arg>
<arg>${BROWSER}</arg>
<doc>Opens a new browser instance to the optional ``url``.</doc>
<status status="PASS" start="2025-05-22T14:23:08.374273" elapsed="3.077614"/>
</kw>
<kw name="Maximize Browser Window" owner="SeleniumLibrary">
<doc>Maximizes current browser window.</doc>
<status status="PASS" start="2025-05-22T14:23:11.453018" elapsed="0.348622"/>
</kw>
<kw name="Close Browser" owner="SeleniumLibrary">
<doc>Closes the current browser.</doc>
<status status="PASS" start="2025-05-22T14:23:11.802565" elapsed="0.081928"/>
</kw>
<doc>Open Google and perform a search</doc>
<status status="PASS" start="2025-05-22T14:23:08.371201" elapsed="3.513939"/>
</test>
<status status="PASS" start="2025-05-22T14:23:08.084155" elapsed="3.802463"/>
</suite>
<statistics>
<total>
<stat pass="1" fail="0" skip="0">All Tests</stat>
</total>
<tag>
</tag>
<suite>
<stat name="TC1" id="s1" pass="1" fail="0" skip="0">TC1</stat>
</suite>
</statistics>
<errors>
</errors>
</robot>
